c:\users\θοδωρής\αρχεία\cs\7ο εξάμηνο\ψηφιακή σύνθεση εικόνων\εργασίες\project1\project1\debug\vc142.pdb
c:\users\θοδωρής\αρχεία\cs\7ο εξάμηνο\ψηφιακή σύνθεση εικόνων\εργασίες\project1\project1\debug\vc142.idb
c:\users\θοδωρής\αρχεία\cs\7ο εξάμηνο\ψηφιακή σύνθεση εικόνων\εργασίες\project1\project1\debug\source.obj
c:\users\θοδωρής\αρχεία\cs\school-projects\graphics-ii\project1\project1\debug\vc142.pdb
c:\users\θοδωρής\αρχεία\cs\school-projects\graphics-ii\project1\project1\debug\vc142.idb
c:\users\θοδωρής\αρχεία\cs\school-projects\graphics-ii\project1\project1\debug\source.obj
c:\users\θοδωρής\αρχεία\cs\school-projects\graphics-ii\project1\project1\debug\source-v1.1.obj
c:\users\θοδωρής\αρχεία\cs\7ο εξάμηνο\ψηφιακή σύνθεση εικόνων\εργασίες\project1\debug\project1.exe
c:\users\θοδωρής\αρχεία\cs\7ο εξάμηνο\ψηφιακή σύνθεση εικόνων\εργασίες\project1\project1\debug\project1.ilk
c:\users\θοδωρής\αρχεία\cs\7ο εξάμηνο\ψηφιακή σύνθεση εικόνων\εργασίες\project1\debug\project1.pdb
c:\users\θοδωρής\αρχεία\cs\school-projects\graphics-ii\project1\debug\project1.pdb
c:\users\θοδωρής\αρχεία\cs\school-projects\graphics-ii\project1\project1\debug\project1.tlog\cl.command.1.tlog
c:\users\θοδωρής\αρχεία\cs\school-projects\graphics-ii\project1\project1\debug\project1.tlog\cl.read.1.tlog
c:\users\θοδωρής\αρχεία\cs\school-projects\graphics-ii\project1\project1\debug\project1.tlog\cl.write.1.tlog
c:\users\θοδωρής\αρχεία\cs\school-projects\graphics-ii\project1\project1\debug\project1.tlog\link-cvtres.read.1.tlog
c:\users\θοδωρής\αρχεία\cs\school-projects\graphics-ii\project1\project1\debug\project1.tlog\link-cvtres.write.1.tlog
c:\users\θοδωρής\αρχεία\cs\school-projects\graphics-ii\project1\project1\debug\project1.tlog\link-rc.read.1.tlog
c:\users\θοδωρής\αρχεία\cs\school-projects\graphics-ii\project1\project1\debug\project1.tlog\link-rc.write.1.tlog
c:\users\θοδωρής\αρχεία\cs\school-projects\graphics-ii\project1\project1\debug\project1.tlog\link.12188-cvtres.read.1.tlog
c:\users\θοδωρής\αρχεία\cs\school-projects\graphics-ii\project1\project1\debug\project1.tlog\link.12188-cvtres.write.1.tlog
c:\users\θοδωρής\αρχεία\cs\school-projects\graphics-ii\project1\project1\debug\project1.tlog\link.12188-rc.read.1.tlog
c:\users\θοδωρής\αρχεία\cs\school-projects\graphics-ii\project1\project1\debug\project1.tlog\link.12188-rc.write.1.tlog
c:\users\θοδωρής\αρχεία\cs\school-projects\graphics-ii\project1\project1\debug\project1.tlog\link.12188.read.1.tlog
c:\users\θοδωρής\αρχεία\cs\school-projects\graphics-ii\project1\project1\debug\project1.tlog\link.12188.write.1.tlog
c:\users\θοδωρής\αρχεία\cs\school-projects\graphics-ii\project1\project1\debug\project1.tlog\link.command.1.tlog
c:\users\θοδωρής\αρχεία\cs\school-projects\graphics-ii\project1\project1\debug\project1.tlog\link.read.1.tlog
c:\users\θοδωρής\αρχεία\cs\school-projects\graphics-ii\project1\project1\debug\project1.tlog\link.write.1.tlog
